# Preference setting overrides
gui_create_pref_key -category {Globals} -key {load_detail_for_funcov} -value_type {bool} -value {false}

# State setting overrides
gui_state_default_create -off -ini
gui_set_state_value -category Globals -key recent_databases -value {{gui_open_db -file /home/dfb220/proj/ece350-014-spring2020/dfb220/Final/Final_Project.dump -design V1} {gui_open_db -file /home/dfb220/proj/ece350-014-spring2020/dfb220/Lab2/StoP.dump -design V1} {gui_open_db -file /home/dfb220/proj/ece350-014-spring2020/dfb220/Lab1/divider.dump -design V1} {gui_open_db -file /home/dfb220/proj/ece350-014-spring2020/dfb220/VCS_sim/VCS_Homework1/adder.dump -design V1} {gui_open_db -file /home/dfb220/proj/ece350-014-spring2020/dfb220/VCS_sim/VCS_Homework1/mux4RTL.dump -design V1}}
gui_set_state_value -category Layout -key child_console_size_x -value 1241
gui_set_state_value -category Layout -key child_console_size_y -value 164
gui_set_state_value -category Layout -key child_data_size_x -value 159
gui_set_state_value -category Layout -key child_data_size_y -value 476
gui_set_state_value -category Layout -key child_hier_col3 -value {-1}
gui_set_state_value -category Layout -key child_hier_colpd -value 0
gui_set_state_value -category Layout -key child_hier_size_x -value 159
gui_set_state_value -category Layout -key child_hier_size_y -value 476
gui_set_state_value -category Layout -key child_source_docknewline -value false
gui_set_state_value -category Layout -key child_source_pos_x -value {-2}
gui_set_state_value -category Layout -key child_source_pos_y -value {-17}
gui_set_state_value -category Layout -key child_source_size_x -value 926
gui_set_state_value -category Layout -key child_source_size_y -value 472
gui_set_state_value -category Layout -key child_wave_colname -value 188
gui_set_state_value -category Layout -key child_wave_colvalue -value 188
gui_set_state_value -category Layout -key child_wave_left -value 380
gui_set_state_value -category Layout -key child_wave_right -value 928
gui_set_state_value -category Layout -key main_pos_x -value 91
gui_set_state_value -category Layout -key main_pos_y -value 62
gui_set_state_value -category Layout -key main_size_x -value 1332
gui_set_state_value -category Layout -key main_size_y -value 816
gui_set_state_value -category Layout -key stand_wave_child_docknewline -value false
gui_set_state_value -category Layout -key stand_wave_child_pos_x -value {-2}
gui_set_state_value -category Layout -key stand_wave_child_pos_y -value {-17}
gui_set_state_value -category Layout -key stand_wave_child_size_x -value 1318
gui_set_state_value -category Layout -key stand_wave_child_size_y -value 619
gui_set_state_value -category Layout -key stand_wave_top_pos_x -value 116
gui_set_state_value -category Layout -key stand_wave_top_pos_y -value 159
gui_set_state_value -category Layout -key stand_wave_top_size_x -value 1429
gui_set_state_value -category Layout -key stand_wave_top_size_y -value 896
gui_create_state_key -category FindDialog -key m_pMatchCase -value_type bool -value false
gui_create_state_key -category FindDialog -key m_pMatchWord -value_type bool -value false
gui_create_state_key -category FindDialog -key m_pUseCombo -value_type string -value {}
gui_create_state_key -category FindDialog -key m_pWrapAround -value_type bool -value true
gui_state_default_create -off

# Begin command logging
gui_open_db -file /home/dfb220/proj/ece350-014-spring2020/dfb220/Final/Final_Project.dump -design V1
gui_list_select -id Hier.1 -current_item_name Final_Proj_Testbench -current_item_type Scope  -selected  { Final_Proj_Testbench   }
gui_list_expand -id  Hier.1   Final_Proj_Testbench
gui_list_select -id Hier.1 -current_item_name Final_Proj_Testbench.uut -current_item_type Scope  -selected  { Final_Proj_Testbench.uut   }
gui_list_select -id Data.1 -selected  { Final_Proj_Testbench.uut.clock   }
gui_list_expand -id  Hier.1   Final_Proj_Testbench.uut
gui_list_select -id Hier.1 -current_item_name Final_Proj_Testbench.uut.bmult7 -current_item_type Scope  -selected  { Final_Proj_Testbench.uut.bmult0  Final_Proj_Testbench.uut.bmult1  Final_Proj_Testbench.uut.bmult2  Final_Proj_Testbench.uut.bmult3  Final_Proj_Testbench.uut.bmult4  Final_Proj_Testbench.uut.bmult5  Final_Proj_Testbench.uut.bmult6  Final_Proj_Testbench.uut.bmult7   }
gui_list_select -id Hier.1 -current_item_name Final_Proj_Testbench.uut.mult5 -current_item_type Scope  { Final_Proj_Testbench.uut.mult0  Final_Proj_Testbench.uut.mult1  Final_Proj_Testbench.uut.mult2  Final_Proj_Testbench.uut.mult3  Final_Proj_Testbench.uut.mult4  Final_Proj_Testbench.uut.mult5   }
gui_open_window Wave
gui_list_add -id Wave.1 -from Hier.1 { Final_Proj_Testbench.uut.bmult0 Final_Proj_Testbench.uut.bmult1 Final_Proj_Testbench.uut.bmult2 Final_Proj_Testbench.uut.bmult3 Final_Proj_Testbench.uut.bmult4 Final_Proj_Testbench.uut.bmult5 Final_Proj_Testbench.uut.bmult6 Final_Proj_Testbench.uut.bmult7 Final_Proj_Testbench.uut.mult0 Final_Proj_Testbench.uut.mult1 Final_Proj_Testbench.uut.mult2 Final_Proj_Testbench.uut.mult3 Final_Proj_Testbench.uut.mult4 Final_Proj_Testbench.uut.mult5 } -insertionbar
gui_close_window -window TopLevel.2
gui_list_select -id Data.1 -selected  { {Final_Proj_Testbench.uut.mult5.coef[11:0]}   }
gui_list_select -id Data.1 -selected  { {Final_Proj_Testbench.uut.mult5.product[7:0]}   }
gui_list_select -id Hier.1 -current_item_name Final_Proj_Testbench -current_item_type Scope  -selected  { Final_Proj_Testbench   }
gui_list_select -id Hier.1 -current_item_name Final_Proj_Testbench.uut -current_item_type Scope  -selected  { Final_Proj_Testbench.uut   }
gui_list_select -id Data.1 -selected  { Final_Proj_Testbench.uut.clock  Final_Proj_Testbench.uut.reset  Final_Proj_Testbench.uut.status  Final_Proj_Testbench.uut.data_en  {Final_Proj_Testbench.uut.i_rdata[7:0]}  {Final_Proj_Testbench.uut.i_traindata[7:0]}  Final_Proj_Testbench.uut.flag  {Final_Proj_Testbench.uut.o_ry[8:0]}   }
gui_open_window Wave
gui_list_add -id Wave.1 -from Data.1 { Final_Proj_Testbench.uut.clock Final_Proj_Testbench.uut.reset Final_Proj_Testbench.uut.status Final_Proj_Testbench.uut.data_en {Final_Proj_Testbench.uut.i_rdata[7:0]} {Final_Proj_Testbench.uut.i_traindata[7:0]} Final_Proj_Testbench.uut.flag {Final_Proj_Testbench.uut.o_ry[8:0]} } -insertionbar
gui_wv_scroll_hslidermove -id  Wave.1 36
gui_zoom -window  Wave.1  -full
gui_close_window -window TopLevel.2
